<?xml version="1.0" encoding="UTF-8"?>
<testng-results ignored="0" total="1" passed="1" failed="0" skipped="0">
  <reporter-output>
  </reporter-output>
  <suite started-at="2026-07-14T16:29:19 IST" name="Surefire suite" finished-at="2026-07-14T16:29:27 IST" duration-ms="8354">
    <groups>
    </groups>
    <test started-at="2026-07-14T16:29:19 IST" name="Surefire test" finished-at="2026-07-14T16:29:27 IST" duration-ms="8354">
      <class name="com.test.api.GetRequestTest">
        <test-method signature="testGetUsers()[pri:0, instance:com.test.api.GetRequestTest@21507a04]" started-at="2026-07-14T16:29:19 IST" name="testGetUsers" finished-at="2026-07-14T16:29:27 IST" duration-ms="8225" status="PASS">
          <reporter-output>
          </reporter-output>
        </test-method> <!-- testGetUsers -->
      </class> <!-- com.test.api.GetRequestTest -->
    </test> <!-- Surefire test -->
  </suite> <!-- Surefire suite -->
</testng-results>
